#
# There is insufficient memory for the Java Runtime Environment to continue.
# Native memory allocation (malloc) failed to allocate 32744 bytes for ChunkPool::allocate
# Possible reasons:
#   The system is out of physical RAM or swap space
#   In 32 bit mode, the process size limit was hit
# Possible solutions:
#   Reduce memory load on the system
#   Increase physical memory or swap space
#   Check if swap backing store is full
#   Use 64 bit Java on a 64 bit OS
#   Decrease Java heap size (-Xmx/-Xms)
#   Decrease number of Java threads
#   Decrease Java thread stack sizes (-Xss)
#   Set larger code cache with -XX:ReservedCodeCacheSize=
# This output file may be truncated or incomplete.
#
#  Out of Memory Error (allocation.cpp:273), pid=11888, tid=0x0000000000002f4c
#
# JRE version: Java(TM) SE Runtime Environment (8.0_171-b11) (build 1.8.0_171-b11)
# Java VM: Java HotSpot(TM) 64-Bit Server VM (25.171-b11 mixed mode windows-amd64 compressed oops)
# Failed to write core dump. Minidumps are not enabled by default on client versions of Windows
#

---------------  T H R E A D  ---------------

Current thread (0x0000000019846000):  JavaThread "C2 CompilerThread1" daemon [_thread_in_native, id=12108, stack(0x000000001b070000,0x000000001b170000)]

Stack: [0x000000001b070000,0x000000001b170000]
[error occurred during error reporting (printing stack bounds), id 0xc0000005]

Native frames: (J=compiled Java code, j=interpreted, Vv=VM code, C=native code)


Current CompileTask:
C2: 192089 5563       4       org.springframework.util.AntPathMatcher::doMatch (606 bytes)


---------------  P R O C E S S  ---------------

Java Threads: ( => current thread )
  0x000000001d1ea800 JavaThread "http-nio-8080-exec-10" daemon [_thread_blocked, id=12500, stack(0x0000000023d50000,0x0000000023e50000)]
  0x000000001d1ed800 JavaThread "http-nio-8080-exec-9" daemon [_thread_blocked, id=8832, stack(0x0000000023c50000,0x0000000023d50000)]
  0x000000001d1e9000 JavaThread "http-nio-8080-exec-8" daemon [_thread_blocked, id=12844, stack(0x0000000023b50000,0x0000000023c50000)]
  0x000000001d1ec000 JavaThread "http-nio-8080-exec-7" daemon [_thread_blocked, id=3972, stack(0x0000000023a50000,0x0000000023b50000)]
  0x000000001d1ef000 JavaThread "http-nio-8080-exec-6" daemon [_thread_blocked, id=284, stack(0x0000000023950000,0x0000000023a50000)]
  0x000000001d1f0000 JavaThread "http-nio-8080-exec-5" daemon [_thread_blocked, id=3112, stack(0x0000000023850000,0x0000000023950000)]
  0x0000000020d3d000 JavaThread "http-nio-8080-exec-4" daemon [_thread_blocked, id=9912, stack(0x0000000023750000,0x0000000023850000)]
  0x0000000020d3c800 JavaThread "http-nio-8080-exec-3" daemon [_thread_blocked, id=7192, stack(0x0000000023650000,0x0000000023750000)]
  0x0000000020d3b800 JavaThread "http-nio-8080-exec-2" daemon [_thread_blocked, id=7780, stack(0x0000000023450000,0x0000000023550000)]
  0x0000000020d3b000 JavaThread "http-nio-8080-exec-1" daemon [_thread_blocked, id=6100, stack(0x0000000023000000,0x0000000023100000)]
  0x0000000020d3a000 JavaThread "DestroyJavaVM" [_thread_blocked, id=1768, stack(0x0000000004990000,0x0000000004a90000)]
  0x0000000020d3e000 JavaThread "http-nio-8080-Acceptor-0" daemon [_thread_in_native, id=4560, stack(0x0000000022f00000,0x0000000023000000)]
  0x0000000020d41000 JavaThread "http-nio-8080-ClientPoller-1" daemon [_thread_in_native, id=4508, stack(0x0000000022e00000,0x0000000022f00000)]
  0x0000000020d40000 JavaThread "http-nio-8080-ClientPoller-0" daemon [_thread_in_native, id=8428, stack(0x0000000022d00000,0x0000000022e00000)]
  0x0000000020d3e800 JavaThread "NioBlockingSelector.BlockPoller-1" daemon [_thread_in_native, id=240, stack(0x0000000022c00000,0x0000000022d00000)]
  0x000000001bac0000 JavaThread "container-0" [_thread_blocked, id=10828, stack(0x0000000022700000,0x0000000022800000)]
  0x000000001e12a000 JavaThread "ContainerBackgroundProcessor[StandardEngine[Tomcat].StandardHost[localhost].StandardContext[]]" daemon [_thread_blocked, id=2460, stack(0x0000000022600000,0x0000000022700000)]
  0x000000001fb37800 JavaThread "Abandoned connection cleanup thread" daemon [_thread_blocked, id=9408, stack(0x00000000202c0000,0x00000000203c0000)]
  0x000000001ba0f000 JavaThread "Tomcat JDBC Pool Cleaner[705927765:1533291158208]" daemon [_thread_blocked, id=7196, stack(0x000000001ff60000,0x0000000020060000)]
  0x000000001988d000 JavaThread "Service Thread" daemon [_thread_blocked, id=10532, stack(0x000000001b670000,0x000000001b770000)]
  0x0000000019887800 JavaThread "C1 CompilerThread2" daemon [_thread_blocked, id=10064, stack(0x000000001b570000,0x000000001b670000)]
=>0x0000000019846000 JavaThread "C2 CompilerThread1" daemon [_thread_in_native, id=12108, stack(0x000000001b070000,0x000000001b170000)]
  0x0000000019835800 JavaThread "C2 CompilerThread0" daemon [_thread_in_native, id=6280, stack(0x000000001af70000,0x000000001b070000)]
  0x0000000019834000 JavaThread "Attach Listener" daemon [_thread_blocked, id=4316, stack(0x000000001ae70000,0x000000001af70000)]
  0x0000000019832800 JavaThread "Signal Dispatcher" daemon [_thread_blocked, id=2132, stack(0x000000001ad70000,0x000000001ae70000)]
  0x0000000019820000 JavaThread "Finalizer" daemon [_thread_blocked, id=12136, stack(0x000000001aa80000,0x000000001ab80000)]
  0x0000000004c05000 JavaThread "Reference Handler" daemon [_thread_blocked, id=2928, stack(0x000000001a980000,0x000000001aa80000)]

Other Threads:
  0x00000000197f7800 VMThread [stack: 0x000000001a880000,0x000000001a980000] [id=3936]
  0x000000001b1a1000 WatcherThread [stack: 0x000000001b770000,0x000000001b870000] [id=4836]

VM state:not at safepoint (normal execution)

VM Mutex/Monitor currently owned by a thread: None

Heap:
 PSYoungGen      total 282112K, used 141141K [0x00000000d5580000, 0x00000000eb880000, 0x0000000100000000)
  eden space 269824K, 47% used [0x00000000d5580000,0x00000000dd35be88,0x00000000e5d00000)
  from space 12288K, 99% used [0x00000000e6c00000,0x00000000e77f9820,0x00000000e7800000)
  to   space 15360K, 0% used [0x00000000e5d00000,0x00000000e5d00000,0x00000000e6c00000)
 ParOldGen       total 90624K, used 19577K [0x0000000080000000, 0x0000000085880000, 0x00000000d5580000)
  object space 90624K, 21% used [0x0000000080000000,0x000000008131e5f0,0x0000000085880000)
 Metaspace       used 49353K, capacity 49820K, committed 50352K, reserved 1093632K
  class space    used 6359K, capacity 6481K, committed 6576K, reserved 1048576K

Card table byte_map: [0x0000000013fd0000,0x00000000143e0000] byte_map_base: 0x0000000013bd0000

Marking Bits: (ParMarkBitMap*) 0x00000000532b08c0
 Begin Bits: [0x0000000014a90000, 0x0000000016a90000)
 End Bits:   [0x0000000016a90000, 0x0000000018a90000)

Polling page: 0x00000000009d0000

CodeCache: size=245760Kb used=15812Kb max_used=15812Kb free=229947Kb
 bounds [0x0000000004c10000, 0x0000000005ba0000, 0x0000000013c10000]
 total_blobs=5209 nmethods=4666 adapters=454
 compilation: enabled

Compilation events (10 events):
Event: 191.993 Thread 0x0000000019887800 5613       1       org.hibernate.engine.jdbc.internal.LogicalConnectionImpl::getConnectionReleaseMode (5 bytes)
Event: 191.993 Thread 0x0000000019887800 nmethod 5613 0x000000000537b550 code [0x000000000537b6a0, 0x000000000537b7b0]
Event: 191.994 Thread 0x0000000019887800 5608       1       com.mysql.jdbc.MysqlIO::getExceptionInterceptor (5 bytes)
Event: 191.994 Thread 0x0000000019887800 nmethod 5608 0x0000000004f42d90 code [0x0000000004f42ee0, 0x0000000004f42ff0]
Event: 191.995 Thread 0x0000000019887800 5621       3       org.apache.coyote.Request::getStartTime (5 bytes)
Event: 191.995 Thread 0x0000000019887800 nmethod 5621 0x0000000004f42a50 code [0x0000000004f42ba0, 0x0000000004f42cf0]
Event: 191.996 Thread 0x0000000019887800 5620       1       org.springframework.boot.context.config.DelegatingApplicationListener::getOrder (5 bytes)
Event: 191.996 Thread 0x0000000019887800 nmethod 5620 0x0000000005b849d0 code [0x0000000005b84b20, 0x0000000005b84c30]
Event: 191.997 Thread 0x0000000019887800 5622   !   3       org.apache.tomcat.util.buf.StringCache::toString (615 bytes)
Event: 192.005 Thread 0x0000000019887800 nmethod 5622 0x0000000005b8c5d0 code [0x0000000005b8ccc0, 0x0000000005b91cf8]

GC Heap History (10 events):
Event: 6.954 GC heap before
{Heap before GC invocations=8 (full 1):
 PSYoungGen      total 140800K, used 8193K [0x00000000d5580000, 0x00000000e6a80000, 0x0000000100000000)
  eden space 132096K, 0% used [0x00000000d5580000,0x00000000d5580000,0x00000000dd680000)
  from space 8704K, 94% used [0x00000000dd680000,0x00000000dde80648,0x00000000ddf00000)
  to   space 9728K, 0% used [0x00000000e6100000,0x00000000e6100000,0x00000000e6a80000)
 ParOldGen       total 87552K, used 4985K [0x0000000080000000, 0x0000000085580000, 0x00000000d5580000)
  object space 87552K, 5% used [0x0000000080000000,0x00000000804de670,0x0000000085580000)
 Metaspace       used 20917K, capacity 21112K, committed 21296K, reserved 1067008K
  class space    used 2760K, capacity 2856K, committed 2864K, reserved 1048576K
Event: 7.029 GC heap after
Heap after GC invocations=8 (full 1):
 PSYoungGen      total 140800K, used 0K [0x00000000d5580000, 0x00000000e6a80000, 0x0000000100000000)
  eden space 132096K, 0% used [0x00000000d5580000,0x00000000d5580000,0x00000000dd680000)
  from space 8704K, 0% used [0x00000000dd680000,0x00000000dd680000,0x00000000ddf00000)
  to   space 9728K, 0% used [0x00000000e6100000,0x00000000e6100000,0x00000000e6a80000)
 ParOldGen       total 60416K, used 10515K [0x0000000080000000, 0x0000000083b00000, 0x00000000d5580000)
  object space 60416K, 17% used [0x0000000080000000,0x0000000080a44d90,0x0000000083b00000)
 Metaspace       used 20917K, capacity 21112K, committed 21296K, reserved 1067008K
  class space    used 2760K, capacity 2856K, committed 2864K, reserved 1048576K
}
Event: 10.802 GC heap before
{Heap before GC invocations=9 (full 1):
 PSYoungGen      total 140800K, used 132096K [0x00000000d5580000, 0x00000000e6a80000, 0x0000000100000000)
  eden space 132096K, 100% used [0x00000000d5580000,0x00000000dd680000,0x00000000dd680000)
  from space 8704K, 0% used [0x00000000dd680000,0x00000000dd680000,0x00000000ddf00000)
  to   space 9728K, 0% used [0x00000000e6100000,0x00000000e6100000,0x00000000e6a80000)
 ParOldGen       total 60416K, used 10515K [0x0000000080000000, 0x0000000083b00000, 0x00000000d5580000)
  object space 60416K, 17% used [0x0000000080000000,0x0000000080a44d90,0x0000000083b00000)
 Metaspace       used 32391K, capacity 32652K, committed 33072K, reserved 1077248K
  class space    used 4256K, capacity 4342K, committed 4400K, reserved 1048576K
Event: 10.825 GC heap after
Heap after GC invocations=9 (full 1):
 PSYoungGen      total 212992K, used 9699K [0x00000000d5580000, 0x00000000e6a80000, 0x0000000100000000)
  eden space 203264K, 0% used [0x00000000d5580000,0x00000000d5580000,0x00000000e1c00000)
  from space 9728K, 99% used [0x00000000e6100000,0x00000000e6a78d98,0x00000000e6a80000)
  to   space 12288K, 0% used [0x00000000e5280000,0x00000000e5280000,0x00000000e5e80000)
 ParOldGen       total 60416K, used 13972K [0x0000000080000000, 0x0000000083b00000, 0x00000000d5580000)
  object space 60416K, 23% used [0x0000000080000000,0x0000000080da5120,0x0000000083b00000)
 Metaspace       used 32391K, capacity 32652K, committed 33072K, reserved 1077248K
  class space    used 4256K, capacity 4342K, committed 4400K, reserved 1048576K
}
Event: 11.461 GC heap before
{Heap before GC invocations=10 (full 1):
 PSYoungGen      total 212992K, used 33997K [0x00000000d5580000, 0x00000000e6a80000, 0x0000000100000000)
  eden space 203264K, 11% used [0x00000000d5580000,0x00000000d6d3a928,0x00000000e1c00000)
  from space 9728K, 99% used [0x00000000e6100000,0x00000000e6a78d98,0x00000000e6a80000)
  to   space 12288K, 0% used [0x00000000e5280000,0x00000000e5280000,0x00000000e5e80000)
 ParOldGen       total 60416K, used 13972K [0x0000000080000000, 0x0000000083b00000, 0x00000000d5580000)
  object space 60416K, 23% used [0x0000000080000000,0x0000000080da5120,0x0000000083b00000)
 Metaspace       used 34889K, capacity 35116K, committed 35496K, reserved 1081344K
  class space    used 4567K, capacity 4630K, committed 4656K, reserved 1048576K
Event: 11.474 GC heap after
Heap after GC invocations=10 (full 1):
 PSYoungGen      total 271360K, used 7766K [0x00000000d5580000, 0x00000000e7800000, 0x0000000100000000)
  eden space 259072K, 0% used [0x00000000d5580000,0x00000000d5580000,0x00000000e5280000)
  from space 12288K, 63% used [0x00000000e5280000,0x00000000e5a15a98,0x00000000e5e80000)
  to   space 12288K, 0% used [0x00000000e6c00000,0x00000000e6c00000,0x00000000e7800000)
 ParOldGen       total 60416K, used 13980K [0x0000000080000000, 0x0000000083b00000, 0x00000000d5580000)
  object space 60416K, 23% used [0x0000000080000000,0x0000000080da7120,0x0000000083b00000)
 Metaspace       used 34889K, capacity 35116K, committed 35496K, reserved 1081344K
  class space    used 4567K, capacity 4630K, committed 4656K, reserved 1048576K
}
Event: 11.474 GC heap before
{Heap before GC invocations=11 (full 2):
 PSYoungGen      total 271360K, used 7766K [0x00000000d5580000, 0x00000000e7800000, 0x0000000100000000)
  eden space 259072K, 0% used [0x00000000d5580000,0x00000000d5580000,0x00000000e5280000)
  from space 12288K, 63% used [0x00000000e5280000,0x00000000e5a15a98,0x00000000e5e80000)
  to   space 12288K, 0% used [0x00000000e6c00000,0x00000000e6c00000,0x00000000e7800000)
 ParOldGen       total 60416K, used 13980K [0x0000000080000000, 0x0000000083b00000, 0x00000000d5580000)
  object space 60416K, 23% used [0x0000000080000000,0x0000000080da7120,0x0000000083b00000)
 Metaspace       used 34889K, capacity 35116K, committed 35496K, reserved 1081344K
  class space    used 4567K, capacity 4630K, committed 4656K, reserved 1048576K
Event: 11.553 GC heap after
Heap after GC invocations=11 (full 2):
 PSYoungGen      total 271360K, used 0K [0x00000000d5580000, 0x00000000e7800000, 0x0000000100000000)
  eden space 259072K, 0% used [0x00000000d5580000,0x00000000d5580000,0x00000000e5280000)
  from space 12288K, 0% used [0x00000000e5280000,0x00000000e5280000,0x00000000e5e80000)
  to   space 12288K, 0% used [0x00000000e6c00000,0x00000000e6c00000,0x00000000e7800000)
 ParOldGen       total 90624K, used 15357K [0x0000000080000000, 0x0000000085880000, 0x00000000d5580000)
  object space 90624K, 16% used [0x0000000080000000,0x0000000080eff6f8,0x0000000085880000)
 Metaspace       used 34889K, capacity 35116K, committed 35496K, reserved 1081344K
  class space    used 4567K, capacity 4630K, committed 4656K, reserved 1048576K
}
Event: 15.461 GC heap before
{Heap before GC invocations=12 (full 2):
 PSYoungGen      total 271360K, used 259072K [0x00000000d5580000, 0x00000000e7800000, 0x0000000100000000)
  eden space 259072K, 100% used [0x00000000d5580000,0x00000000e5280000,0x00000000e5280000)
  from space 12288K, 0% used [0x00000000e5280000,0x00000000e5280000,0x00000000e5e80000)
  to   space 12288K, 0% used [0x00000000e6c00000,0x00000000e6c00000,0x00000000e7800000)
 ParOldGen       total 90624K, used 15357K [0x0000000080000000, 0x0000000085880000, 0x00000000d5580000)
  object space 90624K, 16% used [0x0000000080000000,0x0000000080eff6f8,0x0000000085880000)
 Metaspace       used 44030K, capacity 44420K, committed 44848K, reserved 1087488K
  class space    used 5749K, capacity 5867K, committed 5936K, reserved 1048576K
Event: 15.494 GC heap after
Heap after GC invocations=12 (full 2):
 PSYoungGen      total 282112K, used 12262K [0x00000000d5580000, 0x00000000eb880000, 0x0000000100000000)
  eden space 269824K, 0% used [0x00000000d5580000,0x00000000d5580000,0x00000000e5d00000)
  from space 12288K, 99% used [0x00000000e6c00000,0x00000000e77f9820,0x00000000e7800000)
  to   space 15360K, 0% used [0x00000000e5d00000,0x00000000e5d00000,0x00000000e6c00000)
 ParOldGen       total 90624K, used 19577K [0x0000000080000000, 0x0000000085880000, 0x00000000d5580000)
  object space 90624K, 21% used [0x0000000080000000,0x000000008131e5f0,0x0000000085880000)
 Metaspace       used 44030K, capacity 44420K, committed 44848K, reserved 1087488K
  class space    used 5749K, capacity 5867K, committed 5936K, reserved 1048576K
}

Deoptimization events (10 events):
Event: 34.582 Thread 0x0000000020d3d000 Uncommon trap: reason=class_check action=maybe_recompile pc=0x0000000004d3a0d0 method=java.util.regex.Pattern$7.isSatisfiedBy(I)Z @ 16
Event: 34.582 Thread 0x0000000020d3d000 Uncommon trap: reason=unstable_if action=reinterpret pc=0x0000000005935d98 method=java.util.regex.Pattern$BmpCharProperty.match(Ljava/util/regex/Matcher;ILjava/lang/CharSequence;)Z @ 5
Event: 34.582 Thread 0x0000000020d3d000 Uncommon trap: reason=class_check action=maybe_recompile pc=0x0000000004d3a0d0 method=java.util.regex.Pattern$7.isSatisfiedBy(I)Z @ 16
Event: 34.582 Thread 0x0000000020d3d000 Uncommon trap: reason=class_check action=maybe_recompile pc=0x0000000004d3a0d0 method=java.util.regex.Pattern$7.isSatisfiedBy(I)Z @ 16
Event: 34.592 Thread 0x0000000020d3d000 Uncommon trap: reason=class_check action=maybe_recompile pc=0x00000000056ac7a4 method=org.springframework.asm.ClassReader.readCode(Lorg/springframework/asm/MethodVisitor;Lorg/springframework/asm/Context;I)V @ 2521
Event: 34.603 Thread 0x0000000020d3d000 Uncommon trap: reason=speculate_class_check action=maybe_recompile pc=0x0000000005416d9c method=sun.reflect.GeneratedMethodAccessor1.invoke(Ljava/lang/Object;[Ljava/lang/Object;)Ljava/lang/Object; @ 40
Event: 34.603 Thread 0x0000000020d3d000 Uncommon trap: reason=speculate_class_check action=maybe_recompile pc=0x0000000005416d9c method=sun.reflect.GeneratedMethodAccessor1.invoke(Ljava/lang/Object;[Ljava/lang/Object;)Ljava/lang/Object; @ 40
Event: 34.603 Thread 0x0000000020d3d000 Uncommon trap: reason=speculate_class_check action=maybe_recompile pc=0x0000000005416d9c method=sun.reflect.GeneratedMethodAccessor1.invoke(Ljava/lang/Object;[Ljava/lang/Object;)Ljava/lang/Object; @ 40
Event: 34.603 Thread 0x0000000020d3d000 Uncommon trap: reason=speculate_class_check action=maybe_recompile pc=0x0000000005416d9c method=sun.reflect.GeneratedMethodAccessor1.invoke(Ljava/lang/Object;[Ljava/lang/Object;)Ljava/lang/Object; @ 40
Event: 37.285 Thread 0x000000001d1ef000 Uncommon trap: reason=unstable_if action=reinterpret pc=0x0000000004e475a0 method=java.lang.Class.annotationData()Ljava/lang/Class$AnnotationData; @ 36

Classes redefined (0 events):
No events

Internal exceptions (10 events):
Event: 32.620 Thread 0x000000001d1ef000 Exception <a 'java/lang/ClassNotFoundException': com/praksa/ivan/domain/CurrentUserBeanInfo> (0x00000000dafbc1e8) thrown at [C:\re\workspace\8-2-build-windows-amd64-cygwin\jdk8u171\10807\hotspot\src\share\vm\classfile\systemDictionary.cpp, line 210]
Event: 32.622 Thread 0x000000001d1ef000 Exception <a 'java/lang/ClassNotFoundException': org/springframework/security/core/userdetails/UserBeanInfo> (0x00000000db90d450) thrown at [C:\re\workspace\8-2-build-windows-amd64-cygwin\jdk8u171\10807\hotspot\src\share\vm\classfile\systemDictionary.cpp,
Event: 32.624 Thread 0x000000001d1ef000 Exception <a 'java/lang/ClassNotFoundException': org/springframework/security/core/userdetails/UserCustomizer> (0x00000000db926198) thrown at [C:\re\workspace\8-2-build-windows-amd64-cygwin\jdk8u171\10807\hotspot\src\share\vm\classfile\systemDictionary.cp
Event: 32.627 Thread 0x000000001d1ef000 Exception <a 'java/lang/ClassNotFoundException': com/praksa/ivan/domain/CurrentUserCustomizer> (0x00000000db945fe0) thrown at [C:\re\workspace\8-2-build-windows-amd64-cygwin\jdk8u171\10807\hotspot\src\share\vm\classfile\systemDictionary.cpp, line 210]
Event: 32.634 Thread 0x000000001d1ef000 Exception <a 'java/lang/ClassNotFoundException': com/praksa/ivan/domain/RoleBeanInfo> (0x00000000db978808) thrown at [C:\re\workspace\8-2-build-windows-amd64-cygwin\jdk8u171\10807\hotspot\src\share\vm\classfile\systemDictionary.cpp, line 210]
Event: 32.635 Thread 0x000000001d1ef000 Exception <a 'java/lang/ClassNotFoundException': java/lang/EnumBeanInfo> (0x00000000db980998) thrown at [C:\re\workspace\8-2-build-windows-amd64-cygwin\jdk8u171\10807\hotspot\src\share\vm\classfile\systemDictionary.cpp, line 210]
Event: 32.636 Thread 0x000000001d1ef000 Exception <a 'java/lang/ClassNotFoundException': java/lang/EnumCustomizer> (0x00000000db988fd8) thrown at [C:\re\workspace\8-2-build-windows-amd64-cygwin\jdk8u171\10807\hotspot\src\share\vm\classfile\systemDictionary.cpp, line 210]
Event: 32.638 Thread 0x000000001d1ef000 Exception <a 'java/lang/ClassNotFoundException': com/praksa/ivan/domain/RoleCustomizer> (0x00000000db9a38a0) thrown at [C:\re\workspace\8-2-build-windows-amd64-cygwin\jdk8u171\10807\hotspot\src\share\vm\classfile\systemDictionary.cpp, line 210]
Event: 61.945 Thread 0x000000001d1ec000 Exception <a 'java/io/FileNotFoundException'> (0x00000000dbc241c8) thrown at [C:\re\workspace\8-2-build-windows-amd64-cygwin\jdk8u171\10807\hotspot\src\share\vm\prims\jni.cpp, line 709]
Event: 61.945 Thread 0x000000001d1ec000 Exception <a 'java/io/FileNotFoundException'> (0x00000000dbc24f90) thrown at [C:\re\workspace\8-2-build-windows-amd64-cygwin\jdk8u171\10807\hotspot\src\share\vm\prims\jni.cpp, line 709]

Events (10 events):
Event: 191.741 Executing VM operation: RevokeBias
Event: 191.742 Executing VM operation: RevokeBias done
Event: 191.790 Executing VM operation: RevokeBias
Event: 191.791 Executing VM operation: RevokeBias done
Event: 191.974 Executing VM operation: RevokeBias
Event: 191.975 Executing VM operation: RevokeBias done
Event: 191.983 Executing VM operation: RevokeBias
Event: 191.983 Executing VM operation: RevokeBias done
Event: 191.989 Thread 0x0000000019887800 flushing nmethod 0x0000000004f42950
Event: 191.993 Thread 0x0000000019887800 flushing nmethod 0x000000000537b450


Dynamic libraries:
0x00007ff7d1420000 - 0x00007ff7d1457000 	C:\Program Files\Java\jre1.8.0_171\bin\javaw.exe
0x00007ffe61870000 - 0x00007ffe61a50000 	C:\WINDOWS\SYSTEM32\ntdll.dll
0x00007ffe606e0000 - 0x00007ffe6078e000 	C:\WINDOWS\System32\KERNEL32.DLL
0x00007ffe5ead0000 - 0x00007ffe5ed36000 	C:\WINDOWS\System32\KERNELBASE.dll
0x00007ffe60610000 - 0x00007ffe606b1000 	C:\WINDOWS\System32\ADVAPI32.dll
0x00007ffe61140000 - 0x00007ffe611dd000 	C:\WINDOWS\System32\msvcrt.dll
0x00007ffe5f050000 - 0x00007ffe5f0ab000 	C:\WINDOWS\System32\sechost.dll
0x00007ffe611e0000 - 0x00007ffe612ff000 	C:\WINDOWS\System32\RPCRT4.dll
0x00007ffe614a0000 - 0x00007ffe6162f000 	C:\WINDOWS\System32\USER32.dll
0x00007ffe5e5f0000 - 0x00007ffe5e610000 	C:\WINDOWS\System32\win32u.dll
0x00007ffe61470000 - 0x00007ffe61498000 	C:\WINDOWS\System32\GDI32.dll
0x00007ffe5e930000 - 0x00007ffe5eac3000 	C:\WINDOWS\System32\gdi32full.dll
0x00007ffe5e890000 - 0x00007ffe5e92b000 	C:\WINDOWS\System32\msvcp_win.dll
0x00007ffe5dcf0000 - 0x00007ffe5dde6000 	C:\WINDOWS\System32\ucrtbase.dll
0x00007ffe4f680000 - 0x00007ffe4f8e9000 	C:\WINDOWS\WinSxS\amd64_microsoft.windows.common-controls_6595b64144ccf1df_6.0.16299.431_none_15c7d3ee93659e73\COMCTL32.dll
0x00007ffe5ed40000 - 0x00007ffe5f048000 	C:\WINDOWS\System32\combase.dll
0x00007ffe5dc70000 - 0x00007ffe5dce2000 	C:\WINDOWS\System32\bcryptPrimitives.dll
0x00007ffe60a80000 - 0x00007ffe60aad000 	C:\WINDOWS\System32\IMM32.DLL
0x0000000051880000 - 0x0000000051952000 	C:\Program Files\Java\jre1.8.0_171\bin\msvcr100.dll
0x0000000052a90000 - 0x0000000053330000 	C:\Program Files\Java\jre1.8.0_171\bin\server\jvm.dll
0x00007ffe60b80000 - 0x00007ffe60b88000 	C:\WINDOWS\System32\PSAPI.DLL
0x00007ffe24a60000 - 0x00007ffe24a69000 	C:\WINDOWS\SYSTEM32\WSOCK32.dll
0x00007ffe61630000 - 0x00007ffe6169c000 	C:\WINDOWS\System32\WS2_32.dll
0x00007ffe5bd40000 - 0x00007ffe5bd63000 	C:\WINDOWS\SYSTEM32\WINMM.dll
0x00007ffe57690000 - 0x00007ffe5769a000 	C:\WINDOWS\SYSTEM32\VERSION.dll
0x00007ffe5bce0000 - 0x00007ffe5bd0a000 	C:\WINDOWS\SYSTEM32\WINMMBASE.dll
0x00007ffe5e540000 - 0x00007ffe5e58a000 	C:\WINDOWS\System32\cfgmgr32.dll
0x0000000052a80000 - 0x0000000052a8f000 	C:\Program Files\Java\jre1.8.0_171\bin\verify.dll
0x0000000052a50000 - 0x0000000052a79000 	C:\Program Files\Java\jre1.8.0_171\bin\java.dll
0x0000000052a30000 - 0x0000000052a46000 	C:\Program Files\Java\jre1.8.0_171\bin\zip.dll
0x00007ffe5f0b0000 - 0x00007ffe604e8000 	C:\WINDOWS\System32\SHELL32.dll
0x00007ffe60940000 - 0x00007ffe609e6000 	C:\WINDOWS\System32\shcore.dll
0x00007ffe5ddf0000 - 0x00007ffe5e537000 	C:\WINDOWS\System32\windows.storage.dll
0x00007ffe60790000 - 0x00007ffe607e1000 	C:\WINDOWS\System32\shlwapi.dll
0x00007ffe5dc50000 - 0x00007ffe5dc61000 	C:\WINDOWS\System32\kernel.appcore.dll
0x00007ffe5dc00000 - 0x00007ffe5dc4c000 	C:\WINDOWS\System32\powrprof.dll
0x00007ffe5dbc0000 - 0x00007ffe5dbdb000 	C:\WINDOWS\System32\profapi.dll
0x00000000512a0000 - 0x00000000512ad000 	C:\Program Files\Java\jre1.8.0_171\bin\management.dll
0x0000000052a10000 - 0x0000000052a2a000 	C:\Program Files\Java\jre1.8.0_171\bin\net.dll
0x00007ffe5d3f0000 - 0x00007ffe5d456000 	C:\WINDOWS\system32\mswsock.dll
0x00007ffe56de0000 - 0x00007ffe56df6000 	C:\WINDOWS\system32\napinsp.dll
0x00007ffe56e00000 - 0x00007ffe56e1a000 	C:\WINDOWS\system32\pnrpnsp.dll
0x00007ffe5a7b0000 - 0x00007ffe5a7c8000 	C:\WINDOWS\system32\NLAapi.dll
0x00007ffe5d1c0000 - 0x00007ffe5d276000 	C:\WINDOWS\SYSTEM32\DNSAPI.dll
0x00007ffe60a70000 - 0x00007ffe60a78000 	C:\WINDOWS\System32\NSI.dll
0x00007ffe5d180000 - 0x00007ffe5d1b9000 	C:\WINDOWS\SYSTEM32\IPHLPAPI.DLL
0x00007ffe56e90000 - 0x00007ffe56e9e000 	C:\WINDOWS\System32\winrnr.dll
0x00007ffe57730000 - 0x00007ffe5773a000 	C:\Windows\System32\rasadhlp.dll
0x00007ffe5a200000 - 0x00007ffe5a270000 	C:\WINDOWS\System32\fwpuclnt.dll
0x00007ffe5d720000 - 0x00007ffe5d745000 	C:\WINDOWS\SYSTEM32\bcrypt.dll
0x00007ffe5d620000 - 0x00007ffe5d637000 	C:\WINDOWS\SYSTEM32\CRYPTSP.dll
0x00007ffe5cff0000 - 0x00007ffe5d023000 	C:\WINDOWS\system32\rsaenh.dll
0x00007ffe5daf0000 - 0x00007ffe5db19000 	C:\WINDOWS\SYSTEM32\USERENV.dll
0x00007ffe5d610000 - 0x00007ffe5d61b000 	C:\WINDOWS\SYSTEM32\CRYPTBASE.dll
0x00007ffe5a1c0000 - 0x00007ffe5a1d6000 	C:\WINDOWS\SYSTEM32\dhcpcsvc6.DLL
0x00007ffe5a0c0000 - 0x00007ffe5a0da000 	C:\WINDOWS\SYSTEM32\dhcpcsvc.DLL
0x00000000529f0000 - 0x0000000052a01000 	C:\Program Files\Java\jre1.8.0_171\bin\nio.dll

VM Arguments:
jvm_args: -Dfile.encoding=UTF-8 
java_command: com.praksa.ivan.Application
java_class_path (initial): C:\Program Files\Java\jre1.8.0_171\lib\resources.jar;C:\Program Files\Java\jre1.8.0_171\lib\rt.jar;C:\Program Files\Java\jre1.8.0_171\lib\jsse.jar;C:\Program Files\Java\jre1.8.0_171\lib\jce.jar;C:\Program Files\Java\jre1.8.0_171\lib\charsets.jar;C:\Program Files\Java\jre1.8.0_171\lib\jfr.jar;C:\Program Files\Java\jre1.8.0_171\lib\ext\access-bridge-64.jar;C:\Program Files\Java\jre1.8.0_171\lib\ext\cldrdata.jar;C:\Program Files\Java\jre1.8.0_171\lib\ext\dnsns.jar;C:\Program Files\Java\jre1.8.0_171\lib\ext\jaccess.jar;C:\Program Files\Java\jre1.8.0_171\lib\ext\jfxrt.jar;C:\Program Files\Java\jre1.8.0_171\lib\ext\localedata.jar;C:\Program Files\Java\jre1.8.0_171\lib\ext\nashorn.jar;C:\Program Files\Java\jre1.8.0_171\lib\ext\sunec.jar;C:\Program Files\Java\jre1.8.0_171\lib\ext\sunjce_provider.jar;C:\Program Files\Java\jre1.8.0_171\lib\ext\sunmscapi.jar;C:\Program Files\Java\jre1.8.0_171\lib\ext\sunpkcs11.jar;C:\Program Files\Java\jre1.8.0_171\lib\ext\zipfs.jar;C:\Project\IvanStankovic\praksa-security\target\classes;C:\Users\dimitrije.djurovic.ITENGINE\.m2\repository;C:\Users\dimitrije.djurovic.ITENGINE\.m2\repository\org\springframework\boot\spring-boot-starter\1.2.0.RELEASE\spring-boot-starter-1.2.0.RELEASE.jar;C:\Users\dimitrije.djurovic.ITENGINE\.m2\repository\org\springframework\boot\spring-boot\1.2.0.RELEASE\spring-boot-1.2.0.RELEASE.jar;C:\Users\dimitrije.djurovic.ITENGINE\.m2\repository\org\springframework\boot\spring-boot-autoconfigure\1.2.0.RELEASE\spring-boot-autoconfigure-1.2.0.RELEASE.jar;C:\Users\dimitrije.djurovic.ITENGINE\.m2\repository\org\springframework\boot\spring-boot-starter-logging\1.2.0.RELEASE\spring-boot-starter-logging-1.2.0.RELEASE.jar;C:\Users\dimitrije.djurovic.ITENGINE\.m2\repository\org\slf4j\jcl-over-slf4j\1.7.7\jcl-over-slf4j-1.7.7.jar;C:\Users\dimitrije.djurovic.ITENGINE\.m2\repository\org\slf4j\jul-to-slf4j\1.7.7\jul-to-slf4j-1.7.7.jar;C:\Users\dimitrije.djurovic.ITENGINE\.m2\repository\org\slf4j\log4j-over-
Launcher Type: SUN_STANDARD

Environment Variables:
JAVA_HOME=C:\Program Files\Java\jdk1.8.0_161
PATH=C:/Program Files/Java/jre1.8.0_171/bin/server;C:/Program Files/Java/jre1.8.0_171/bin;C:/Program Files/Java/jre1.8.0_171/lib/amd64;C:\Program Files\Docker\Docker\Resources\bin;C:\Program Files (x86)\Common Files\Oracle\Java\javapath;C:\ProgramData\Oracle\Java\javapath;C:\WINDOWS\system32;C:\WINDOWS;C:\WINDOWS\System32\Wbem;C:\WINDOWS\System32\WindowsPowerShell\v1.0\;C:\Program Files (x86)\ATI Technologies\ATI.ACE\Core-Static;C:\Program Files\dotnet\;C:\Program Files\Microsoft SQL Server\130\Tools\Binn\;C:\Program Files\Microsoft SQL Server\120\DTS\Binn\;C:\Program Files\Microsoft SQL Server\Client SDK\ODBC\110\Tools\Binn\;C:\Program Files (x86)\Microsoft SQL Server\120\Tools\Binn\;C:\Program Files\Microsoft SQL Server\120\Tools\Binn\;C:\Program Files (x86)\Microsoft SQL Server\120\Tools\Binn\ManagementStudio\;C:\Program Files (x86)\Microsoft SQL Server\120\DTS\Binn\;C:\Program Files\Microsoft\Web Platform Installer\;C:\Program Files (x86)\OpenSSH\bin;C:\Program Files\Git\cmd;C:\Program Files\Git\mingw64\bin;C:\Program Files\Git\usr\bin;C:\Program Files (x86)\Microsoft Emulator Manager\1.0\;C:\Program Files (x86)\Windows Kits\10\Windows Performance Toolkit\;C:\wamp64\bin\php\php5.6.35;C:\ProgramData\ComposerSetup\bin;C:\Go\bin;C:\Program Files (x86)\Skype\Phone\;C:\WINDOWS\System32\OpenSSH\;C:\Program Files\Microsoft VS Code\bin;C:\Program Files\nodejs\;C:\Users\dimitrije.djurovic.ITENGINE\AppData\Local\Microsoft\WindowsApps;C:\Program Files\Microsoft VS Code\bin;C:\Users\dimitrije.djurovic.ITENGINE\AppData\Roaming\Composer\vendor\bin;C:\Users\dimitrije.djurovic.ITENGINE\AppData\Roaming\npm;C:\Users\dimitrije.djurovic.ITENGINE\Desktop;
USERNAME=dimitrije.djurovic
OS=Windows_NT
PROCESSOR_IDENTIFIER=AMD64 Family 16 Model 5 Stepping 3, AuthenticAMD



---------------  S Y S T E M  ---------------

OS: Windows 10.0 , 64 bit Build 16299 (10.0.16299.431)

CPU:total 4 (initial active 4) (4 cores per cpu, 1 threads per core) family 16 model 5 stepping 3, cmov, cx8, fxsr, mmx, sse, sse2, sse3, popcnt, mmxext, 3dnowpref, lzcnt, sse4a, tsc, tscinvbit, tscinv

Memory: 4k page, physical 8387764k(2050064k free), swap 9188716k(5208k free)

vm_info: Java HotSpot(TM) 64-Bit Server VM (25.171-b11) for windows-amd64 JRE (1.8.0_171-b11), built on Mar 28 2018 16:06:12 by "java_re" with MS VC++ 10.0 (VS2010)

time: Fri Aug 03 12:15:43 2018
elapsed time: 192 seconds (0d 0h 3m 12s)

